\BOOKMARK [0][-]{chapter.1}{Introduction}{}% 1
\BOOKMARK [0][-]{chapter.2}{Background to Secure Multiparty Computation}{}% 2
\BOOKMARK [1][-]{section.2.1}{Security Properties}{chapter.2}% 3
\BOOKMARK [1][-]{section.2.2}{Security levels}{chapter.2}% 4
\BOOKMARK [2][-]{subsection.2.2.1}{Semi-honest Adversary}{section.2.2}% 5
\BOOKMARK [2][-]{subsection.2.2.2}{Malicious Adversary}{section.2.2}% 6
\BOOKMARK [2][-]{subsection.2.2.3}{Covert Adversary}{section.2.2}% 7
\BOOKMARK [1][-]{section.2.3}{Applications of SMC}{chapter.2}% 8
\BOOKMARK [2][-]{subsection.2.3.1}{Secret Auctions - Danish Beets}{section.2.3}% 9
\BOOKMARK [2][-]{subsection.2.3.2}{Distributed secrets}{section.2.3}% 10
\BOOKMARK [2][-]{subsection.2.3.3}{PROCEED - Computation on encrypted data}{section.2.3}% 11
\BOOKMARK [1][-]{section.2.4}{Yao's Protocol}{chapter.2}% 12
\BOOKMARK [2][-]{subsection.2.4.1}{Overview}{section.2.4}% 13
\BOOKMARK [2][-]{subsection.2.4.2}{Yao Garbled Circuits}{section.2.4}% 14
\BOOKMARK [2][-]{subsection.2.4.3}{Security of Yao Garbled Circuits}{section.2.4}% 15
\BOOKMARK [2][-]{subsection.2.4.4}{Security against Malicious and Covert Adversaries}{section.2.4}% 16
\BOOKMARK [0][-]{chapter.3}{Oblivious Transfer}{}% 17
\BOOKMARK [1][-]{section.3.1}{Oblivious Transfer using dual-mode cryptosystem}{chapter.3}% 18
\BOOKMARK [0][-]{chapter.4}{Protocols}{}% 19
\BOOKMARK [1][-]{section.4.1}{Lindell and Pinkas 2011}{chapter.4}% 20
\BOOKMARK [1][-]{section.4.2}{Lindell 2013}{chapter.4}% 21
\BOOKMARK [1][-]{section.4.3}{Huang, Katz and Evans 2013}{chapter.4}% 22
\BOOKMARK [0][-]{chapter.5}{Implementation Details}{}% 23
\BOOKMARK [1][-]{section.5.1}{Purpose of Implementation}{chapter.5}% 24
\BOOKMARK [0][-]{chapter.6}{Experiments}{}% 25
\BOOKMARK [1][-]{section.6.1}{Measurement metrics}{chapter.6}% 26
\BOOKMARK [1][-]{section.6.2}{Testing Environment}{chapter.6}% 27
\BOOKMARK [1][-]{section.6.3}{Benchmarks}{chapter.6}% 28
\BOOKMARK [0][-]{chapter.7}{Conclusions}{}% 29
